<?xml version="1.0" encoding="UTF-8"?>
<testng-results skipped="0" failed="0" total="1" passed="1">
  <reporter-output>
  </reporter-output>
  <suite name="Default suite" duration-ms="6219" started-at="2019-06-16T04:44:55Z" finished-at="2019-06-16T04:45:01Z">
    <groups>
    </groups>
    <test name="Default test" duration-ms="6219" started-at="2019-06-16T04:44:55Z" finished-at="2019-06-16T04:45:01Z">
      <class name="newtestNGpackage.SampleTestNGtest">
        <test-method status="PASS" signature="setBaseUrl()[pri:0, instance:newtestNGpackage.SampleTestNGtest@7ac7a4e4]" name="setBaseUrl" is-config="true" duration-ms="5504" started-at="2019-06-16T10:14:55Z" finished-at="2019-06-16T10:15:00Z">
          <reporter-output>
          </reporter-output>
        </test-method> <!-- setBaseUrl -->
        <test-method status="PASS" signature="verifyHomepageTitle()[pri:0, instance:newtestNGpackage.SampleTestNGtest@7ac7a4e4]" name="verifyHomepageTitle" duration-ms="15" started-at="2019-06-16T10:15:00Z" finished-at="2019-06-16T10:15:00Z">
          <reporter-output>
          </reporter-output>
        </test-method> <!-- verifyHomepageTitle -->
        <test-method status="PASS" signature="endSession()[pri:0, instance:newtestNGpackage.SampleTestNGtest@7ac7a4e4]" name="endSession" is-config="true" duration-ms="689" started-at="2019-06-16T10:15:00Z" finished-at="2019-06-16T10:15:01Z">
          <reporter-output>
          </reporter-output>
        </test-method> <!-- endSession -->
      </class> <!-- newtestNGpackage.SampleTestNGtest -->
    </test> <!-- Default test -->
  </suite> <!-- Default suite -->
</testng-results>
